2026-06-16 14:05:30.792 [WRN] LTND: open /Users/arthur/RustroverProjects/Kurrent/.kurrent-devnet/lnd-regtest/bob/lnd.conf: no such file or directory
2026-06-16 14:05:30.793 [WRN] LTND: Config 'bitcoin.active' is deprecated, please remove it
2026-06-16 14:05:30.795 [INF] LTND: Version Info rev=848b72 version=0.20.1-beta commit="" debuglevel=production logging=info
2026-06-16 14:05:30.795 [INF] LTND: Network Info rev=848b72 active_chain=Bitcoin network=regtest
2026-06-16 14:05:30.799 [INF] RPCS: Generating TLS certificates...
2026-06-16 14:05:30.800 [INF] RPCS: Done generating TLS certificates
2026-06-16 14:05:30.805 [INF] RPCS: RPC server listening on 127.0.0.1:12010
2026-06-16 14:05:30.811 [INF] RPCS: gRPC proxy started at 127.0.0.1:8281
2026-06-16 14:05:30.811 [INF] LTND: Opening the main database, this might take a few minutes...
2026-06-16 14:05:30.811 [INF] LTND: Opening bbolt database, sync_freelist=false, auto_compact=false
2026-06-16 14:05:30.827 [INF] LTND: Creating local graph and channel state DB instances
2026-06-16 14:05:30.855 [INF] CHDB: Checking for schema update: latest_version=33, db_version=33
2026-06-16 14:05:30.856 [INF] CHDB: Applying 2 optional migrations
2026-06-16 14:05:30.856 [INF] CHDB: Checking for optional update: name=prune_revocation_log
2026-06-16 14:05:30.856 [INF] CHDB: Checking for optional update: name=gc_decayed_log
2026-06-16 14:05:30.856 [INF] CHDB: Performing database optional migration: gc_decayed_log
2026-06-16 14:05:30.856 [INF] CHDB: Migrating decayed log...
2026-06-16 14:05:30.875 [INF] CHDB: Decayed log migrated successfully
2026-06-16 14:05:30.890 [INF] CHDB: Successfully applied optional migration: gc_decayed_log
2026-06-16 14:05:30.933 [INF] LTND: Database(s) now open (time_to_open=122.387917ms)!
2026-06-16 14:05:30.961 [INF] RPCC: Established connection to RPC server 127.0.0.1:18563
2026-06-16 14:05:30.961 [INF] RPCC: Established connection to RPC server 127.0.0.1:18563
2026-06-16 14:05:30.968 [INF] BTWL: Started listening for bitcoind block notifications via ZMQ on 127.0.0.1:28362
2026-06-16 14:05:30.968 [INF] BTWL: Started listening for bitcoind transaction notifications via ZMQ on 127.0.0.1:28363
2026-06-16 14:05:30.968 [INF] CHRE: Initializing bitcoind backed fee estimator in CONSERVATIVE mode
2026-06-16 14:05:30.968 [INF] RPCC: Established connection to RPC server 127.0.0.1:18563
2026-06-16 14:05:30.968 [INF] RPCC: Established connection to RPC server 127.0.0.1:18563
2026-06-16 14:05:32.069 [INF] BTWL: Opened wallet
2026-06-16 14:05:32.424 [INF] BTWL: The wallet has been unlocked without a time limit
2026-06-16 14:05:32.467 [INF] CHRE: LightningWallet opened
2026-06-16 14:05:32.529 [INF] BTWL: Started rescan from block 0f9188f13cb7b2c71f2a335e3a4fc328bf5beb436012afca590b1a11466e2206 (height 0) for 0 addrs, 0 outpoints
2026-06-16 14:05:32.531 [INF] BTWL: Catching up block hashes to height 1, this might take a while
2026-06-16 14:05:32.555 [INF] HSWC: Cleaning circuits from disk for closed channels
2026-06-16 14:05:32.561 [INF] HSWC: Finished cleaning: no closed channels found, no actions taken.
2026-06-16 14:05:32.566 [INF] BTWL: Done catching up block hashes
2026-06-16 14:05:32.570 [INF] HSWC: Restoring in-memory circuit state from disk
2026-06-16 14:05:32.570 [INF] BTWL: Rescanned through block 0f9188f13cb7b2c71f2a335e3a4fc328bf5beb436012afca590b1a11466e2206 (height 1)
2026-06-16 14:05:32.589 [INF] HSWC: Payment circuits loaded: num_pending=0, num_open=0
2026-06-16 14:05:32.680 [INF] CRTR: Loaded 0 mission control entries
2026-06-16 14:05:32.695 [INF] ACSM: Access Manager initialized
2026-06-16 14:05:32.696 [INF] SWPR: Migrating UTXO nursery finalized TXIDs
2026-06-16 14:05:32.716 [INF] LTND: Channel backup proxy channel notifier starting
2026-06-16 14:05:32.716 [INF] CHIO: Registered queue=1 with 3 blockbeat consumers
2026-06-16 14:05:32.719 [INF] ATPL: Instantiating autopilot with active=false, max_channels=5, allocation=0.600000, min_chan_size=20000, max_chan_size=16777215, private=false, min_confs=1, conf_target=3
2026-06-16 14:05:32.723 [INF] LTND: We're not running within systemd or the service type is not 'notify'
2026-06-16 14:05:32.732 [INF] LTND: Waiting for chain backend to finish sync rev=848b72 start_height=101
2026-06-16 14:05:34.528 [INF] BTWL: Catching up block hashes to height 101, this might take a while
2026-06-16 14:05:34.548 [INF] BTWL: Done catching up block hashes
2026-06-16 14:05:34.549 [INF] BTWL: Finished rescan for 0 addresses (synced to block 4d97e6c04af0e11fc975b272649316c6ff577a1ae4c8844dd85148b69c01b85b, height 101)
2026-06-16 14:05:34.747 [INF] LTND: Chain backend is fully synced! rev=848b72 end_height=101
2026-06-16 14:05:34.748 [WRN] HLCK: check: disk space configured with 0 attempts, skipping it
2026-06-16 14:05:34.748 [WRN] HLCK: check: tls configured with 0 attempts, skipping it
2026-06-16 14:05:34.748 [INF] LNWL: SigPool starting
2026-06-16 14:05:34.748 [INF] NTFN: bitcoind notifier starting...
2026-06-16 14:05:34.750 [INF] NTFN: New block epoch subscription
2026-06-16 14:05:34.750 [INF] BTCN: Broadcaster now active
2026-06-16 14:05:34.750 [INF] NTFN: New block epoch subscription
2026-06-16 14:05:34.750 [INF] CHNF: ChannelNotifier starting
2026-06-16 14:05:34.750 [INF] PRNF: PeerNotifier starting
2026-06-16 14:05:34.750 [INF] HSWC: HtlcNotifier starting
2026-06-16 14:05:34.750 [INF] NTFN: New block epoch subscription
2026-06-16 14:05:34.750 [INF] SRVR: Received initial block 4d97e6c04af0e11fc975b272649316c6ff577a1ae4c8844dd85148b69c01b85b at height 101
2026-06-16 14:05:34.750 [INF] NTFN: Cancelling epoch notification, epoch_id=3
2026-06-16 14:05:34.750 [INF] SWPR: TxPublisher starting...
2026-06-16 14:05:34.751 [INF] SWPR: Sweeper starting
2026-06-16 14:05:34.751 [INF] UTXN: UTXO nursery starting
2026-06-16 14:05:34.752 [INF] NTFN: New block epoch subscription
2026-06-16 14:05:34.752 [INF] BRAR: Breach arbiter starting
2026-06-16 14:05:34.752 [INF] FNDG: Funding manager starting
2026-06-16 14:05:34.752 [INF] BRAR: Starting contract observer, watching for breaches.
2026-06-16 14:05:34.752 [INF] HSWC: HTLC Switch starting
2026-06-16 14:05:34.752 [INF] NTFN: New block epoch subscription
2026-06-16 14:05:34.753 [INF] HSWC: InterceptableSwitch starting...
2026-06-16 14:05:34.753 [INF] NTFN: New block epoch subscription
2026-06-16 14:05:34.753 [INF] INVC: HtlcModificationInterceptor starting...
2026-06-16 14:05:34.753 [INF] CNCT: ChainArbitrator starting at height 101 with 0 chain watchers, 0 channel arbitrators, and budget config=[tolocal=0 BTC tolocalratio=0.5 anchorcpfp=0 BTC anchorcpfpratio=0.5 deadlinehtlc=0 BTC deadlinehtlcratio=0.5 nodeadlinehtlc=0 BTC nodeadlinehtlcratio=0.5]
2026-06-16 14:05:34.753 [INF] GRDB: Populating in-memory channel graph, this might take a while...
2026-06-16 14:05:34.753 [INF] GRDB: Finished populating in-memory channel graph (took 30.708µs, num_node_features=1, num_nodes=0, num_channels=0)
2026-06-16 14:05:34.753 [INF] GRPH: Builder starting
2026-06-16 14:05:34.766 [INF] CRTR: FilteredChainView starting
2026-06-16 14:05:34.767 [INF] GRPH: Filtering chain using 0 channels active
2026-06-16 14:05:34.770 [INF] GRPH: Prune tip for Channel Graph: height=101, hash=4d97e6c04af0e11fc975b272649316c6ff577a1ae4c8844dd85148b69c01b85b
2026-06-16 14:05:34.780 [INF] CRTR: Channel Router starting
2026-06-16 14:05:34.797 [INF] DISC: Authenticated Gossiper starting
2026-06-16 14:05:34.798 [INF] NTFN: New block epoch subscription
2026-06-16 14:05:34.799 [INF] INVC: InvoiceRegistry starting...
2026-06-16 14:05:34.802 [INF] NTFN: New block epoch subscription
2026-06-16 14:05:34.802 [INF] HSWC: Onion processor starting
2026-06-16 14:05:34.817 [INF] NTFN: New block epoch subscription
2026-06-16 14:05:34.817 [INF] NANN: Channel Status Manager starting
2026-06-16 14:05:34.818 [INF] CHFT: ChannelEventStore starting...
2026-06-16 14:05:34.818 [INF] CHFT: Adding 0 channels to event store
2026-06-16 14:05:34.818 [INF] CHBU: chanbackup.SubSwapper starting
2026-06-16 14:05:34.831 [INF] CHBU: Updating backup file at /Users/arthur/RustroverProjects/Kurrent/.kurrent-devnet/lnd-regtest/bob/data/chain/bitcoin/regtest/channel.backup
2026-06-16 14:05:34.841 [INF] CHBU: Swapping old multi backup file from /Users/arthur/RustroverProjects/Kurrent/.kurrent-devnet/lnd-regtest/bob/data/chain/bitcoin/regtest/temp-dont-use.backup to /Users/arthur/RustroverProjects/Kurrent/.kurrent-devnet/lnd-regtest/bob/data/chain/bitcoin/regtest/channel.backup
2026-06-16 14:05:34.841 [INF] SRVR: connMgr starting...
2026-06-16 14:05:34.841 [INF] CMGR: Server listening on 127.0.0.1:20736
2026-06-16 14:05:34.841 [INF] SRVR: Auto peer bootstrapping is disabled
2026-06-16 14:05:34.846 [INF] CHIO: BlockbeatDispatcher is starting with 1 consumer queues
2026-06-16 14:05:34.846 [INF] NTFN: New block epoch subscription
2026-06-16 14:05:35.109 [INF] GRPH: Pruning channel graph using block 5937a68abc0dcdeb8aa03207b2307557f88de3d1ab331a147cb431383e41c785 (height=102)
2026-06-16 14:05:35.110 [INF] NTFN: New block: height=102, sha=5937a68abc0dcdeb8aa03207b2307557f88de3d1ab331a147cb431383e41c785
2026-06-16 14:05:35.133 [INF] GRPH: Block 5937a68abc0dcdeb8aa03207b2307557f88de3d1ab331a147cb431383e41c785 (height=102) closed 0 channels
2026-06-16 14:05:35.170 [INF] GRPH: Pruning channel graph using block 2932f5e34c9e47e66232110f0c24f77aebb9ef4a3700bfa647ffe659a78bafcd (height=103)
2026-06-16 14:05:35.170 [INF] NTFN: New block: height=103, sha=2932f5e34c9e47e66232110f0c24f77aebb9ef4a3700bfa647ffe659a78bafcd
2026-06-16 14:05:35.189 [INF] GRPH: Block 2932f5e34c9e47e66232110f0c24f77aebb9ef4a3700bfa647ffe659a78bafcd (height=103) closed 0 channels
2026-06-16 14:05:35.209 [INF] GRPH: Pruning channel graph using block 1b715dfe6cc54d4d328f584c69515563a1711731009f76ca74a0313fc0b3464c (height=104)
2026-06-16 14:05:35.210 [INF] NTFN: New block: height=104, sha=1b715dfe6cc54d4d328f584c69515563a1711731009f76ca74a0313fc0b3464c
2026-06-16 14:05:35.227 [INF] GRPH: Block 1b715dfe6cc54d4d328f584c69515563a1711731009f76ca74a0313fc0b3464c (height=104) closed 0 channels
2026-06-16 14:05:35.252 [INF] GRPH: Pruning channel graph using block 2daec73d42d7439fd68a105ab3583b0ce81758254384fec117175cf24c3c2fe2 (height=105)
2026-06-16 14:05:35.252 [INF] NTFN: New block: height=105, sha=2daec73d42d7439fd68a105ab3583b0ce81758254384fec117175cf24c3c2fe2
2026-06-16 14:05:35.268 [INF] GRPH: Block 2daec73d42d7439fd68a105ab3583b0ce81758254384fec117175cf24c3c2fe2 (height=105) closed 0 channels
2026-06-16 14:05:35.300 [INF] GRPH: Pruning channel graph using block 055b8008048a601418c03ec14b97ada9412a85fbac1ccb75b5493eaedcd89b34 (height=106)
2026-06-16 14:05:35.301 [INF] NTFN: New block: height=106, sha=055b8008048a601418c03ec14b97ada9412a85fbac1ccb75b5493eaedcd89b34
2026-06-16 14:05:35.322 [INF] GRPH: Block 055b8008048a601418c03ec14b97ada9412a85fbac1ccb75b5493eaedcd89b34 (height=106) closed 0 channels
2026-06-16 14:05:35.346 [INF] GRPH: Pruning channel graph using block 3746e2367cbc4b5b69e60d249be9429f487dd62bd2ba09286b333799bd0af9e2 (height=107)
2026-06-16 14:05:35.347 [INF] NTFN: New block: height=107, sha=3746e2367cbc4b5b69e60d249be9429f487dd62bd2ba09286b333799bd0af9e2
2026-06-16 14:05:35.372 [INF] GRPH: Block 3746e2367cbc4b5b69e60d249be9429f487dd62bd2ba09286b333799bd0af9e2 (height=107) closed 0 channels
2026-06-16 14:05:38.620 [INF] SRVR: New inbound connection from 127.0.0.1:49854
2026-06-16 14:05:38.620 [INF] SRVR: Finalizing connection to 0303be157099a5d0d76884219118e679d12351bcd398027e41c0325e5329ac0c37@127.0.0.1:49854, inbound=true
2026-06-16 14:05:38.620 [INF] MSGX: Starting Router
2026-06-16 14:05:38.620 [INF] PEER: Peer(0303be157099a5d0d76884219118e679d12351bcd398027e41c0325e5329ac0c37): Negotiated chan series queries
2026-06-16 14:05:38.620 [INF] DISC: Creating new GossipSyncer for peer=0303be157099a5d0d76884219118e679d12351bcd398027e41c0325e5329ac0c37
2026-06-16 14:05:38.620 [INF] DISC: GossipSyncer(0303be157099a5d0d76884219118e679d12351bcd398027e41c0325e5329ac0c37): requesting new chans from height=0 and 107 blocks after
2026-06-16 14:05:38.621 [INF] DISC: GossipSyncer(0303be157099a5d0d76884219118e679d12351bcd398027e41c0325e5329ac0c37): filtering chan range: start_height=0, num_blocks=107
2026-06-16 14:05:38.621 [INF] DISC: GossipSyncer(0303be157099a5d0d76884219118e679d12351bcd398027e41c0325e5329ac0c37): sending final chan range chunk, size=0
2026-06-16 14:05:38.621 [INF] DISC: GossipSyncer(0303be157099a5d0d76884219118e679d12351bcd398027e41c0325e5329ac0c37): buffering chan range reply of size=0
2026-06-16 14:05:38.621 [INF] DISC: GossipSyncer(0303be157099a5d0d76884219118e679d12351bcd398027e41c0325e5329ac0c37): filtering through 0 chans
2026-06-16 14:05:38.621 [INF] DISC: GossipSyncer(0303be157099a5d0d76884219118e679d12351bcd398027e41c0325e5329ac0c37): remote peer has no new chans
2026-06-16 14:05:38.621 [INF] DISC: GossipSyncer(0303be157099a5d0d76884219118e679d12351bcd398027e41c0325e5329ac0c37): applying gossipFilter(start=2026-06-16 14:05:38.621262 +0800 CST m=+7.865000876, end=2162-07-23 20:33:53.621262 +0800 CST)
2026-06-16 14:05:38.622 [INF] DISC: GossipSyncer(0303be157099a5d0d76884219118e679d12351bcd398027e41c0325e5329ac0c37): applying new remote update horizon: start=2026-06-16 14:05:38 +0800 CST, end=2162-07-23 20:33:53 +0800 CST, has_updates=false
2026-06-16 14:05:38.747 [INF] FNDG: Recv'd fundingRequest(amt=0.01000000 BTC, push=100000000 mSAT, delay=144, pendingId=2fb3345e7e9f8e28374bf3b42b72324a2e49e86ffeb93059efa2d93bc8bcb68d) from peer(0303be157099a5d0d76884219118e679d12351bcd398027e41c0325e5329ac0c37)
2026-06-16 14:05:38.747 [INF] CHFD: Performing funding tx coin selection using 0 sat/kw as fee rate
2026-06-16 14:05:38.836 [INF] FNDG: Requiring 3 confirmations for pendingChan(2fb3345e7e9f8e28374bf3b42b72324a2e49e86ffeb93059efa2d93bc8bcb68d): amt=0.01000000 BTC, push_amt=100000000 mSAT, committype=anchors-zero-fee-second-level, upfrontShutdown=
2026-06-16 14:05:38.836 [INF] FNDG: Sending fundingResp for pending_id(2fb3345e7e9f8e28374bf3b42b72324a2e49e86ffeb93059efa2d93bc8bcb68d)
2026-06-16 14:05:38.839 [INF] FNDG: completing pending_id(2fb3345e7e9f8e28374bf3b42b72324a2e49e86ffeb93059efa2d93bc8bcb68d) with ChannelPoint(7d08fe58b058feecf16746e57d5c1d2f23495856c9825fc16bc8c16c55450f5e:0)
2026-06-16 14:05:38.850 [INF] FNDG: sending FundingSigned for pending_id(2fb3345e7e9f8e28374bf3b42b72324a2e49e86ffeb93059efa2d93bc8bcb68d) over ChannelPoint(7d08fe58b058feecf16746e57d5c1d2f23495856c9825fc16bc8c16c55450f5e:0)
2026-06-16 14:05:38.865 [INF] CNCT: Creating new chainWatcher and ChannelArbitrator for ChannelPoint(7d08fe58b058feecf16746e57d5c1d2f23495856c9825fc16bc8c16c55450f5e:0)
2026-06-16 14:05:38.867 [INF] ACSM: Peer transitioned restricted -> temporary (pending open) peer=0303be157099 old_restricted=1 new_restricted=0
2026-06-16 14:05:38.867 [INF] CNCT: Close observer for ChannelPoint(7d08fe58b058feecf16746e57d5c1d2f23495856c9825fc16bc8c16c55450f5e:0) active
2026-06-16 14:05:38.869 [INF] CNCT: ChannelArbitrator(7d08fe58b058feecf16746e57d5c1d2f23495856c9825fc16bc8c16c55450f5e:0): starting state=StateDefault, trigger=chainTrigger, triggerHeight=107
2026-06-16 14:05:38.867 [INF] NTFN: Historical spend dispatch finished for request outpoint=7d08fe58b058feecf16746e57d5c1d2f23495856c9825fc16bc8c16c55450f5e:0, script=0 83b1d4740c383828e65301c366fcd336222dfe69091d255a2f404b4e50c0fdf4 (start=107 end=107) with details: <nil>
2026-06-16 14:05:38.869 [INF] CHBU: Updating on-disk multi SCB backup: num_old_chans=0, num_new_chans=1
2026-06-16 14:05:38.869 [INF] NTFN: New block epoch subscription
2026-06-16 14:05:38.869 [INF] NTFN: New confirmation subscription: conf_id=1, txid=7d08fe58b058feecf16746e57d5c1d2f23495856c9825fc16bc8c16c55450f5e, num_confs=3 height_hint=107
2026-06-16 14:05:38.898 [INF] FNDG: Waiting for funding tx (7d08fe58b058feecf16746e57d5c1d2f23495856c9825fc16bc8c16c55450f5e) to reach 3 confirmations
2026-06-16 14:05:38.903 [INF] CHBU: Updating backup file at /Users/arthur/RustroverProjects/Kurrent/.kurrent-devnet/lnd-regtest/bob/data/chain/bitcoin/regtest/channel.backup
2026-06-16 14:05:38.914 [INF] CHBU: Swapping old multi backup file from /Users/arthur/RustroverProjects/Kurrent/.kurrent-devnet/lnd-regtest/bob/data/chain/bitcoin/regtest/temp-dont-use.backup to /Users/arthur/RustroverProjects/Kurrent/.kurrent-devnet/lnd-regtest/bob/data/chain/bitcoin/regtest/channel.backup
2026-06-16 14:05:38.914 [INF] CHBU: Archiving old channel backup to /Users/arthur/RustroverProjects/Kurrent/.kurrent-devnet/lnd-regtest/bob/data/chain/bitcoin/regtest/chan-backup-archives
2026-06-16 14:05:39.021 [INF] GRPH: Pruning channel graph using block 264e018dfef8490a705aba4f488f343811640c73d61a230972a7b1356938f53b (height=108)
2026-06-16 14:05:39.039 [INF] GRPH: Block 264e018dfef8490a705aba4f488f343811640c73d61a230972a7b1356938f53b (height=108) closed 0 channels
2026-06-16 14:05:39.089 [INF] NTFN: New block: height=108, sha=264e018dfef8490a705aba4f488f343811640c73d61a230972a7b1356938f53b
2026-06-16 14:05:39.090 [INF] CNCT: ChannelArbitrator(7d08fe58b058feecf16746e57d5c1d2f23495856c9825fc16bc8c16c55450f5e:0) no close event
2026-06-16 14:05:39.122 [INF] GRPH: Pruning channel graph using block 335f4ce4a2874dac084652e14e1bda6317489d44ed72b50efb2d64ea76879a10 (height=109)
2026-06-16 14:05:39.141 [INF] GRPH: Block 335f4ce4a2874dac084652e14e1bda6317489d44ed72b50efb2d64ea76879a10 (height=109) closed 0 channels
2026-06-16 14:05:39.159 [INF] NTFN: New block: height=109, sha=335f4ce4a2874dac084652e14e1bda6317489d44ed72b50efb2d64ea76879a10
2026-06-16 14:05:39.159 [INF] CNCT: ChannelArbitrator(7d08fe58b058feecf16746e57d5c1d2f23495856c9825fc16bc8c16c55450f5e:0) no close event
2026-06-16 14:05:39.167 [INF] GRPH: Pruning channel graph using block 0b1705a784719df8ac4b6c0fb98ec52d755b392c490afee4c30a9d1c95b9b96a (height=110)
2026-06-16 14:05:39.185 [INF] GRPH: Block 0b1705a784719df8ac4b6c0fb98ec52d755b392c490afee4c30a9d1c95b9b96a (height=110) closed 0 channels
2026-06-16 14:05:39.204 [INF] NTFN: New block: height=110, sha=0b1705a784719df8ac4b6c0fb98ec52d755b392c490afee4c30a9d1c95b9b96a
2026-06-16 14:05:39.204 [INF] CNCT: ChannelArbitrator(7d08fe58b058feecf16746e57d5c1d2f23495856c9825fc16bc8c16c55450f5e:0) no close event
2026-06-16 14:05:39.204 [INF] FNDG: ChannelPoint(7d08fe58b058feecf16746e57d5c1d2f23495856c9825fc16bc8c16c55450f5e:0) is now active: ChannelID(5e0f45556cc1c86bc15f82c9565849232f1d5c7de54667f1ecfe58b058fe087d)
2026-06-16 14:05:39.209 [INF] NTFN: Cancelling epoch notification, epoch_id=11
2026-06-16 14:05:39.243 [INF] ACSM: Peer transitioned temporary -> protected (channel opened) peer=0303be157099
2026-06-16 14:05:39.244 [INF] CHBU: Updating on-disk multi SCB backup: num_old_chans=1, num_new_chans=1
2026-06-16 14:05:39.248 [INF] FNDG: Peer(0303be157099a5d0d76884219118e679d12351bcd398027e41c0325e5329ac0c37) is online, sending ChannelReady for ChannelID(5e0f45556cc1c86bc15f82c9565849232f1d5c7de54667f1ecfe58b058fe087d)
2026-06-16 14:05:39.266 [WRN] CHBU: Replacing disk backup for ChannelPoint(7d08fe58b058feecf16746e57d5c1d2f23495856c9825fc16bc8c16c55450f5e:0) w/ newer version
2026-06-16 14:05:39.290 [INF] CHBU: Updating backup file at /Users/arthur/RustroverProjects/Kurrent/.kurrent-devnet/lnd-regtest/bob/data/chain/bitcoin/regtest/channel.backup
2026-06-16 14:05:39.294 [INF] PEER: Peer(0303be157099a5d0d76884219118e679d12351bcd398027e41c0325e5329ac0c37): New channel active ChannelPoint(7d08fe58b058feecf16746e57d5c1d2f23495856c9825fc16bc8c16c55450f5e:0) with peer
2026-06-16 14:05:39.302 [INF] HSWC: ChannelLink(7d08fe58b058feecf16746e57d5c1d2f23495856c9825fc16bc8c16c55450f5e:0): starting
2026-06-16 14:05:39.303 [INF] HSWC: Trimming open circuits for chan_id=108:1:0, start_htlc_id=0
2026-06-16 14:05:39.308 [INF] HSWC: Adding live link chan_id=5e0f45556cc1c86bc15f82c9565849232f1d5c7de54667f1ecfe58b058fe087d, short_chan_id=108:1:0
2026-06-16 14:05:39.308 [INF] CNCT: Attempting to update ContractSignals for ChannelPoint(7d08fe58b058feecf16746e57d5c1d2f23495856c9825fc16bc8c16c55450f5e:0)
2026-06-16 14:05:39.309 [INF] HSWC: ChannelLink(7d08fe58b058feecf16746e57d5c1d2f23495856c9825fc16bc8c16c55450f5e:0): HTLC manager started, bandwidth=90000000 mSAT
2026-06-16 14:05:39.319 [INF] CHBU: Swapping old multi backup file from /Users/arthur/RustroverProjects/Kurrent/.kurrent-devnet/lnd-regtest/bob/data/chain/bitcoin/regtest/temp-dont-use.backup to /Users/arthur/RustroverProjects/Kurrent/.kurrent-devnet/lnd-regtest/bob/data/chain/bitcoin/regtest/channel.backup
2026-06-16 14:05:39.320 [INF] CHBU: Archiving old channel backup to /Users/arthur/RustroverProjects/Kurrent/.kurrent-devnet/lnd-regtest/bob/data/chain/bitcoin/regtest/chan-backup-archives
2026-06-16 14:05:39.325 [INF] GRPH: Pruning channel graph using block 4e985bb854ad1f0e3deed290520aab144f28dc064e24aafd70db0005eb13a67b (height=111)
2026-06-16 14:05:39.348 [INF] GRPH: Block 4e985bb854ad1f0e3deed290520aab144f28dc064e24aafd70db0005eb13a67b (height=111) closed 0 channels
2026-06-16 14:05:39.381 [INF] NTFN: New block: height=111, sha=4e985bb854ad1f0e3deed290520aab144f28dc064e24aafd70db0005eb13a67b
2026-06-16 14:05:39.387 [INF] CNCT: ChannelArbitrator(7d08fe58b058feecf16746e57d5c1d2f23495856c9825fc16bc8c16c55450f5e:0) no close event
2026-06-16 14:05:39.419 [INF] GRPH: Pruning channel graph using block 7d43ca7692f023c680fb2624ec69682348d6fd797e77631e876faeedf5464690 (height=112)
2026-06-16 14:05:39.435 [INF] GRPH: Block 7d43ca7692f023c680fb2624ec69682348d6fd797e77631e876faeedf5464690 (height=112) closed 0 channels
2026-06-16 14:05:39.451 [INF] NTFN: New block: height=112, sha=7d43ca7692f023c680fb2624ec69682348d6fd797e77631e876faeedf5464690
2026-06-16 14:05:39.451 [INF] CNCT: ChannelArbitrator(7d08fe58b058feecf16746e57d5c1d2f23495856c9825fc16bc8c16c55450f5e:0) no close event
2026-06-16 14:05:39.456 [INF] GRPH: Pruning channel graph using block 738014ef99238b28e283e35465643fd4942e4592f032c4d6a88198e518d8f0e7 (height=113)
2026-06-16 14:05:39.469 [INF] GRPH: Block 738014ef99238b28e283e35465643fd4942e4592f032c4d6a88198e518d8f0e7 (height=113) closed 0 channels
2026-06-16 14:05:39.488 [INF] NTFN: New block: height=113, sha=738014ef99238b28e283e35465643fd4942e4592f032c4d6a88198e518d8f0e7
2026-06-16 14:05:39.488 [INF] CNCT: ChannelArbitrator(7d08fe58b058feecf16746e57d5c1d2f23495856c9825fc16bc8c16c55450f5e:0) no close event
2026-06-16 14:05:40.354 [INF] NTFN: New confirmation subscription: conf_id=2, txid=7d08fe58b058feecf16746e57d5c1d2f23495856c9825fc16bc8c16c55450f5e, num_confs=6 height_hint=108
2026-06-16 14:05:40.354 [INF] FNDG: Announcing ChannelPoint(7d08fe58b058feecf16746e57d5c1d2f23495856c9825fc16bc8c16c55450f5e:0), short_chan_id=108:1:0
2026-06-16 14:05:40.354 [INF] DISC: Received new local announcement signature for 108:1:0
2026-06-16 14:05:40.397 [INF] DISC: 1/2 of channel ann proof received for short_chan_id=118747255865344, waiting for other half
2026-06-16 14:05:40.890 [INF] DISC: Received new remote announcement signature for 108:1:0
2026-06-16 14:05:40.954 [INF] DISC: Fully valid channel proof for short_chan_id=118747255865344 constructed, adding to next ann batch
2026-06-16 14:05:44.806 [INF] HSWC: ChannelLink(7d08fe58b058feecf16746e57d5c1d2f23495856c9825fc16bc8c16c55450f5e:0): settling htlc dcb1ac4a5de370cad091c13f13aee2f936c278fa05d264653c0c1321852a35e8 as exit hop
2026-06-16 14:05:44.955 [INF] LTND: Received shutdown request.
2026-06-16 14:05:44.958 [INF] LTND: Shutting down...
2026-06-16 14:05:44.958 [INF] LTND: Gracefully shutting down.
2026-06-16 14:05:44.958 [INF] CHIO: BlockbeatDispatcher is stopping
2026-06-16 14:05:44.958 [INF] NTFN: Cancelling epoch notification, epoch_id=10
2026-06-16 14:05:44.958 [INF] NANN: Channel Status Manager shutting down...
2026-06-16 14:05:44.958 [INF] HSWC: HTLC Switch shutting down...
2026-06-16 14:05:44.958 [INF] NTFN: Cancelling epoch notification, epoch_id=5
2026-06-16 14:05:44.958 [INF] HSWC: Removing channel link with ChannelID(5e0f45556cc1c86bc15f82c9565849232f1d5c7de54667f1ecfe58b058fe087d)
2026-06-16 14:05:44.958 [INF] HSWC: ChannelLink(7d08fe58b058feecf16746e57d5c1d2f23495856c9825fc16bc8c16c55450f5e:0): stopping
2026-06-16 14:05:44.958 [INF] HSWC: ChannelLink(7d08fe58b058feecf16746e57d5c1d2f23495856c9825fc16bc8c16c55450f5e:0): exited
2026-06-16 14:05:44.960 [INF] HSWC: Onion processor shutting down...
2026-06-16 14:05:44.963 [INF] HSWC: Decaying hash log received shutdown request
2026-06-16 14:05:44.963 [INF] NTFN: Cancelling epoch notification, epoch_id=9
2026-06-16 14:05:44.963 [INF] INVC: InvoiceRegistry shutting down...
2026-06-16 14:05:44.963 [INF] INVC: InvoiceRegistry shutting down...
2026-06-16 14:05:44.963 [INF] NTFN: Cancelling epoch notification, epoch_id=8
2026-06-16 14:05:44.963 [INF] HSWC: InterceptableSwitch shutting down...
2026-06-16 14:05:44.963 [INF] NTFN: Cancelling epoch notification, epoch_id=6
2026-06-16 14:05:44.963 [INF] INVC: HtlcModificationInterceptor stopping...
2026-06-16 14:05:44.963 [INF] CRTR: Channel Router shutting down...
2026-06-16 14:05:44.963 [INF] GRPH: Builder shutting down...
2026-06-16 14:05:44.963 [INF] CNCT: ChainArbitrator shutting down...
2026-06-16 14:05:44.963 [INF] FNDG: Funding manager shutting down...
2026-06-16 14:05:44.963 [INF] BRAR: Breach arbiter shutting down...
2026-06-16 14:05:44.963 [INF] UTXN: UTXO nursery shutting down...
2026-06-16 14:05:44.963 [INF] NTFN: Cancelling epoch notification, epoch_id=4
2026-06-16 14:05:44.963 [INF] DISC: Authenticated gossiper shutting down...
2026-06-16 14:05:44.963 [INF] NTFN: Cancelling epoch notification, epoch_id=7
2026-06-16 14:05:44.963 [INF] SWPR: Sweeper shutting down...
2026-06-16 14:05:44.963 [INF] SWPR: TxPublisher stopping...
2026-06-16 14:05:44.963 [INF] CHNF: ChannelNotifier shutting down...
2026-06-16 14:05:44.963 [INF] PRNF: PeerNotifier shutting down...
2026-06-16 14:05:44.963 [INF] HSWC: HtlcNotifier shutting down...
2026-06-16 14:05:44.964 [INF] CHBU: Updating on-disk multi SCB backup: num_old_chans=1, num_new_chans=1
2026-06-16 14:05:44.981 [WRN] CHBU: Replacing disk backup for ChannelPoint(7d08fe58b058feecf16746e57d5c1d2f23495856c9825fc16bc8c16c55450f5e:0) w/ newer version
2026-06-16 14:05:44.989 [INF] CHBU: Updating backup file at /Users/arthur/RustroverProjects/Kurrent/.kurrent-devnet/lnd-regtest/bob/data/chain/bitcoin/regtest/channel.backup
2026-06-16 14:05:45.000 [INF] CHBU: Swapping old multi backup file from /Users/arthur/RustroverProjects/Kurrent/.kurrent-devnet/lnd-regtest/bob/data/chain/bitcoin/regtest/temp-dont-use.backup to /Users/arthur/RustroverProjects/Kurrent/.kurrent-devnet/lnd-regtest/bob/data/chain/bitcoin/regtest/channel.backup
2026-06-16 14:05:45.000 [INF] CHBU: Archiving old channel backup to /Users/arthur/RustroverProjects/Kurrent/.kurrent-devnet/lnd-regtest/bob/data/chain/bitcoin/regtest/chan-backup-archives
2026-06-16 14:05:45.006 [INF] PEER: Peer(0303be157099a5d0d76884219118e679d12351bcd398027e41c0325e5329ac0c37): unable to read message from peer: read next header: EOF
2026-06-16 14:05:45.006 [INF] PEER: Peer(0303be157099a5d0d76884219118e679d12351bcd398027e41c0325e5329ac0c37): disconnecting 0303be157099a5d0d76884219118e679d12351bcd398027e41c0325e5329ac0c37@127.0.0.1:49854, reason: read handler closed
2026-06-16 14:05:45.006 [INF] MSGX: Stopping Router
2026-06-16 14:05:45.011 [INF] CHBU: chanbackup.SubSwapper shutting down...
2026-06-16 14:05:45.011 [INF] NTFN: bitcoind notifier shutting down...
2026-06-16 14:05:45.011 [INF] NTFN: Stopping mempool notifier
2026-06-16 14:05:45.011 [ERR] NTFN: dead epoch stream in BestBlockTracker
2026-06-16 14:05:45.011 [INF] CHFT: ChannelEventStore shutting down...
2026-06-16 14:05:45.019 [INF] SRVR: Disconnecting from 0303be157099a5d0d76884219118e679d12351bcd398027e41c0325e5329ac0c37@127.0.0.1:49854
2026-06-16 14:05:45.019 [INF] HLCK: Health monitor shutting down...
2026-06-16 14:05:45.107 [INF] RPCS: Stopping RPC Server
2026-06-16 14:05:45.107 [INF] RPCS: Stopping InvoicesRPC Sub-RPC Server
2026-06-16 14:05:45.107 [INF] RPCS: Stopping RouterRPC Sub-RPC Server
2026-06-16 14:05:45.107 [INF] RPCS: Stopping VersionRPC Sub-RPC Server
2026-06-16 14:05:45.107 [INF] RPCS: Stopping WatchtowerClientRPC Sub-RPC Server
2026-06-16 14:05:45.107 [INF] LTND: Shutdown complete
